2024-07-10 13:11:58 Error: [MissingActionException] Action AppController::index() could not be found.
Exception Attributes: array (
  'controller' => 'AppController',
  'action' => 'index',
)
Request URL: /cakeblog/app/
Stack Trace:
#0 C:\wamp64\www\cakeblog\lib\Cake\Routing\Dispatcher.php(193): Controller->invokeAction(Object(CakeRequest))
#1 C:\wamp64\www\cakeblog\lib\Cake\Routing\Dispatcher.php(167): Dispatcher->_invoke(Object(AppController), Object(CakeRequest))
#2 C:\wamp64\www\cakeblog\app\webroot\index.php(117): Dispatcher->dispatch(Object(CakeRequest), Object(CakeResponse))
#3 {main}
2024-07-10 13:14:22 Error: [Error] Class "AppController" not found
Request URL: /cakeblog/app/
Stack Trace:
#0 C:\wamp64\www\cakeblog\lib\Cake\Core\App.php(567): include()
#1 [internal function]: App::load('AppController')
#2 C:\wamp64\www\cakeblog\lib\Cake\Routing\Dispatcher.php(266): class_exists('AppController')
#3 C:\wamp64\www\cakeblog\lib\Cake\Routing\Dispatcher.php(235): Dispatcher->_loadController(Object(CakeRequest))
#4 C:\wamp64\www\cakeblog\lib\Cake\Routing\Dispatcher.php(158): Dispatcher->_getController(Object(CakeRequest), Object(CakeResponse))
#5 C:\wamp64\www\cakeblog\app\webroot\index.php(117): Dispatcher->dispatch(Object(CakeRequest), Object(CakeResponse))
#6 {main}
2024-07-10 13:14:23 Error: Fatal Error (1): Uncaught Error: Class "AppController" not found in C:\wamp64\www\cakeblog\app\Controller\AppController.php:33
Stack trace:
#0 C:\wamp64\www\cakeblog\lib\Cake\Core\App.php(547): include()
#1 [internal function]: App::load('AppController')
#2 C:\wamp64\www\cakeblog\lib\Cake\Error\ExceptionRenderer.php(155): class_exists('AppController')
#3 C:\wamp64\www\cakeblog\lib\Cake\Error\ExceptionRenderer.php(95): ExceptionRenderer->_getController(Object(Error))
#4 C:\wamp64\www\cakeblog\lib\Cake\Error\ErrorHandler.php(126): ExceptionRenderer->__construct(Object(Error))
#5 [internal function]: ErrorHandler::handleException(Object(Error))
#6 {main}
  thrown in [C:\wamp64\www\cakeblog\app\Controller\AppController.php, line 33]
2024-07-10 13:14:23 Error: [FatalErrorException] Uncaught Error: Class "AppController" not found in C:\wamp64\www\cakeblog\app\Controller\AppController.php:33
Stack trace:
#0 C:\wamp64\www\cakeblog\lib\Cake\Core\App.php(547): include()
#1 [internal function]: App::load('AppController')
#2 C:\wamp64\www\cakeblog\lib\Cake\Error\ExceptionRenderer.php(155): class_exists('AppController')
#3 C:\wamp64\www\cakeblog\lib\Cake\Error\ExceptionRenderer.php(95): ExceptionRenderer->_getController(Object(Error))
#4 C:\wamp64\www\cakeblog\lib\Cake\Error\ErrorHandler.php(126): ExceptionRenderer->__construct(Object(Error))
#5 [internal function]: ErrorHandler::handleException(Object(Error))
#6 {main}
  thrown
Request URL: /cakeblog/app/
Stack Trace:
#0 C:\wamp64\www\cakeblog\lib\Cake\Error\ErrorHandler.php(214): ErrorHandler::handleFatalError(1, 'Uncaught Error:...', 'C:\\wamp64\\www\\c...', 33)
#1 C:\wamp64\www\cakeblog\lib\Cake\Core\App.php(970): ErrorHandler::handleError(1, 'Uncaught Error:...', 'C:\\wamp64\\www\\c...', 33, Array)
#2 C:\wamp64\www\cakeblog\lib\Cake\Core\App.php(943): App::_checkFatalError()
#3 [internal function]: App::shutdown()
#4 {main}
2024-07-10 13:14:40 Error: [Error] Class "AppController" not found
Request URL: /cakeblog/app/
Stack Trace:
#0 C:\wamp64\www\cakeblog\lib\Cake\Core\App.php(567): include()
#1 [internal function]: App::load('AppController')
#2 C:\wamp64\www\cakeblog\lib\Cake\Routing\Dispatcher.php(266): class_exists('AppController')
#3 C:\wamp64\www\cakeblog\lib\Cake\Routing\Dispatcher.php(235): Dispatcher->_loadController(Object(CakeRequest))
#4 C:\wamp64\www\cakeblog\lib\Cake\Routing\Dispatcher.php(158): Dispatcher->_getController(Object(CakeRequest), Object(CakeResponse))
#5 C:\wamp64\www\cakeblog\app\webroot\index.php(117): Dispatcher->dispatch(Object(CakeRequest), Object(CakeResponse))
#6 {main}
2024-07-10 13:14:40 Error: Fatal Error (1): Uncaught Error: Class "AppController" not found in C:\wamp64\www\cakeblog\app\Controller\AppController.php:33
Stack trace:
#0 C:\wamp64\www\cakeblog\lib\Cake\Core\App.php(547): include()
#1 [internal function]: App::load('AppController')
#2 C:\wamp64\www\cakeblog\lib\Cake\Error\ExceptionRenderer.php(155): class_exists('AppController')
#3 C:\wamp64\www\cakeblog\lib\Cake\Error\ExceptionRenderer.php(95): ExceptionRenderer->_getController(Object(Error))
#4 C:\wamp64\www\cakeblog\lib\Cake\Error\ErrorHandler.php(126): ExceptionRenderer->__construct(Object(Error))
#5 [internal function]: ErrorHandler::handleException(Object(Error))
#6 {main}
  thrown in [C:\wamp64\www\cakeblog\app\Controller\AppController.php, line 33]
2024-07-10 13:14:40 Error: [FatalErrorException] Uncaught Error: Class "AppController" not found in C:\wamp64\www\cakeblog\app\Controller\AppController.php:33
Stack trace:
#0 C:\wamp64\www\cakeblog\lib\Cake\Core\App.php(547): include()
#1 [internal function]: App::load('AppController')
#2 C:\wamp64\www\cakeblog\lib\Cake\Error\ExceptionRenderer.php(155): class_exists('AppController')
#3 C:\wamp64\www\cakeblog\lib\Cake\Error\ExceptionRenderer.php(95): ExceptionRenderer->_getController(Object(Error))
#4 C:\wamp64\www\cakeblog\lib\Cake\Error\ErrorHandler.php(126): ExceptionRenderer->__construct(Object(Error))
#5 [internal function]: ErrorHandler::handleException(Object(Error))
#6 {main}
  thrown
Request URL: /cakeblog/app/
Stack Trace:
#0 C:\wamp64\www\cakeblog\lib\Cake\Error\ErrorHandler.php(214): ErrorHandler::handleFatalError(1, 'Uncaught Error:...', 'C:\\wamp64\\www\\c...', 33)
#1 C:\wamp64\www\cakeblog\lib\Cake\Core\App.php(970): ErrorHandler::handleError(1, 'Uncaught Error:...', 'C:\\wamp64\\www\\c...', 33, Array)
#2 C:\wamp64\www\cakeblog\lib\Cake\Core\App.php(943): App::_checkFatalError()
#3 [internal function]: App::shutdown()
#4 {main}
2024-07-10 13:14:45 Error: [MissingActionException] Action AppController::index() could not be found.
Exception Attributes: array (
  'controller' => 'AppController',
  'action' => 'index',
)
Request URL: /cakeblog/app/
Stack Trace:
#0 C:\wamp64\www\cakeblog\lib\Cake\Routing\Dispatcher.php(193): Controller->invokeAction(Object(CakeRequest))
#1 C:\wamp64\www\cakeblog\lib\Cake\Routing\Dispatcher.php(167): Dispatcher->_invoke(Object(AppController), Object(CakeRequest))
#2 C:\wamp64\www\cakeblog\app\webroot\index.php(117): Dispatcher->dispatch(Object(CakeRequest), Object(CakeResponse))
#3 {main}
2024-07-10 13:14:52 Error: [MissingViewException] View file "App\index.ctp" is missing.
Exception Attributes: array (
  'file' => 'App\\index.ctp',
)
Request URL: /cakeblog/app/
Stack Trace:
#0 C:\wamp64\www\cakeblog\lib\Cake\View\View.php(470): View->_getViewFileName('App\\index')
#1 C:\wamp64\www\cakeblog\lib\Cake\Controller\Controller.php(973): View->render(NULL, NULL)
#2 C:\wamp64\www\cakeblog\lib\Cake\Routing\Dispatcher.php(200): Controller->render()
#3 C:\wamp64\www\cakeblog\lib\Cake\Routing\Dispatcher.php(167): Dispatcher->_invoke(Object(AppController), Object(CakeRequest))
#4 C:\wamp64\www\cakeblog\app\webroot\index.php(117): Dispatcher->dispatch(Object(CakeRequest), Object(CakeResponse))
#5 {main}
2024-07-10 13:21:19 Error: [ParseError] syntax error, unexpected token "public", expecting end of file
Request URL: /cakeblog/app/
Stack Trace:
#0 C:\wamp64\www\cakeblog\lib\Cake\Model\ConnectionManager.php(120): ConnectionManager::_init()
#1 C:\wamp64\www\cakeblog\lib\Cake\View\Elements\sql_dump.ctp(24): ConnectionManager::sourceList()
#2 C:\wamp64\www\cakeblog\lib\Cake\View\View.php(971): include('C:\\wamp64\\www\\c...')
#3 C:\wamp64\www\cakeblog\lib\Cake\View\View.php(933): View->_evaluate('C:\\wamp64\\www\\c...', Array)
#4 C:\wamp64\www\cakeblog\lib\Cake\View\View.php(1224): View->_render('C:\\wamp64\\www\\c...', Array)
#5 C:\wamp64\www\cakeblog\lib\Cake\View\View.php(418): View->_renderElement('C:\\wamp64\\www\\c...', Array, Array)
#6 C:\wamp64\www\cakeblog\app\View\Layouts\default.ctp(61): View->element('sql_dump')
#7 C:\wamp64\www\cakeblog\lib\Cake\View\View.php(971): include('C:\\wamp64\\www\\c...')
#8 C:\wamp64\www\cakeblog\lib\Cake\View\View.php(933): View->_evaluate('C:\\wamp64\\www\\c...', Array)
#9 C:\wamp64\www\cakeblog\lib\Cake\View\View.php(546): View->_render('C:\\wamp64\\www\\c...')
#10 C:\wamp64\www\cakeblog\lib\Cake\View\View.php(481): View->renderLayout('', 'default')
#11 C:\wamp64\www\cakeblog\lib\Cake\Controller\Controller.php(973): View->render(NULL, 'default')
#12 C:\wamp64\www\cakeblog\lib\Cake\Routing\Dispatcher.php(200): Controller->render()
#13 C:\wamp64\www\cakeblog\lib\Cake\Routing\Dispatcher.php(167): Dispatcher->_invoke(Object(AppController), Object(CakeRequest))
#14 C:\wamp64\www\cakeblog\app\webroot\index.php(117): Dispatcher->dispatch(Object(CakeRequest), Object(CakeResponse))
#15 {main}
2024-07-10 13:25:03 Error: [ParseError] syntax error, unexpected token "public", expecting end of file
Request URL: /cakeblog/app/
Stack Trace:
#0 C:\wamp64\www\cakeblog\lib\Cake\Model\ConnectionManager.php(120): ConnectionManager::_init()
#1 C:\wamp64\www\cakeblog\lib\Cake\View\Elements\sql_dump.ctp(24): ConnectionManager::sourceList()
#2 C:\wamp64\www\cakeblog\lib\Cake\View\View.php(971): include('C:\\wamp64\\www\\c...')
#3 C:\wamp64\www\cakeblog\lib\Cake\View\View.php(933): View->_evaluate('C:\\wamp64\\www\\c...', Array)
#4 C:\wamp64\www\cakeblog\lib\Cake\View\View.php(1224): View->_render('C:\\wamp64\\www\\c...', Array)
#5 C:\wamp64\www\cakeblog\lib\Cake\View\View.php(418): View->_renderElement('C:\\wamp64\\www\\c...', Array, Array)
#6 C:\wamp64\www\cakeblog\app\View\Layouts\default.ctp(61): View->element('sql_dump')
#7 C:\wamp64\www\cakeblog\lib\Cake\View\View.php(971): include('C:\\wamp64\\www\\c...')
#8 C:\wamp64\www\cakeblog\lib\Cake\View\View.php(933): View->_evaluate('C:\\wamp64\\www\\c...', Array)
#9 C:\wamp64\www\cakeblog\lib\Cake\View\View.php(546): View->_render('C:\\wamp64\\www\\c...')
#10 C:\wamp64\www\cakeblog\lib\Cake\View\View.php(481): View->renderLayout('', 'default')
#11 C:\wamp64\www\cakeblog\lib\Cake\Controller\Controller.php(973): View->render(NULL, 'default')
#12 C:\wamp64\www\cakeblog\lib\Cake\Routing\Dispatcher.php(200): Controller->render()
#13 C:\wamp64\www\cakeblog\lib\Cake\Routing\Dispatcher.php(167): Dispatcher->_invoke(Object(AppController), Object(CakeRequest))
#14 C:\wamp64\www\cakeblog\app\webroot\index.php(117): Dispatcher->dispatch(Object(CakeRequest), Object(CakeResponse))
#15 {main}
2024-07-10 13:27:02 Error: [ParseError] syntax error, unexpected token "public", expecting end of file
Request URL: /cakeblog/app/
Stack Trace:
#0 C:\wamp64\www\cakeblog\lib\Cake\Model\ConnectionManager.php(120): ConnectionManager::_init()
#1 C:\wamp64\www\cakeblog\lib\Cake\View\Elements\sql_dump.ctp(24): ConnectionManager::sourceList()
#2 C:\wamp64\www\cakeblog\lib\Cake\View\View.php(971): include('C:\\wamp64\\www\\c...')
#3 C:\wamp64\www\cakeblog\lib\Cake\View\View.php(933): View->_evaluate('C:\\wamp64\\www\\c...', Array)
#4 C:\wamp64\www\cakeblog\lib\Cake\View\View.php(1224): View->_render('C:\\wamp64\\www\\c...', Array)
#5 C:\wamp64\www\cakeblog\lib\Cake\View\View.php(418): View->_renderElement('C:\\wamp64\\www\\c...', Array, Array)
#6 C:\wamp64\www\cakeblog\app\View\Layouts\default.ctp(61): View->element('sql_dump')
#7 C:\wamp64\www\cakeblog\lib\Cake\View\View.php(971): include('C:\\wamp64\\www\\c...')
#8 C:\wamp64\www\cakeblog\lib\Cake\View\View.php(933): View->_evaluate('C:\\wamp64\\www\\c...', Array)
#9 C:\wamp64\www\cakeblog\lib\Cake\View\View.php(546): View->_render('C:\\wamp64\\www\\c...')
#10 C:\wamp64\www\cakeblog\lib\Cake\View\View.php(481): View->renderLayout('', 'default')
#11 C:\wamp64\www\cakeblog\lib\Cake\Controller\Controller.php(973): View->render(NULL, 'default')
#12 C:\wamp64\www\cakeblog\lib\Cake\Routing\Dispatcher.php(200): Controller->render()
#13 C:\wamp64\www\cakeblog\lib\Cake\Routing\Dispatcher.php(167): Dispatcher->_invoke(Object(AppController), Object(CakeRequest))
#14 C:\wamp64\www\cakeblog\app\webroot\index.php(117): Dispatcher->dispatch(Object(CakeRequest), Object(CakeResponse))
#15 {main}
2024-07-10 13:27:08 Error: [ParseError] syntax error, unexpected token "public", expecting end of file
Request URL: /cakeblog/
Stack Trace:
#0 C:\wamp64\www\cakeblog\lib\Cake\Model\ConnectionManager.php(83): ConnectionManager::_init()
#1 C:\wamp64\www\cakeblog\app\View\Pages\home.ctp(91): ConnectionManager::getDataSource('default')
#2 C:\wamp64\www\cakeblog\lib\Cake\View\View.php(971): include('C:\\wamp64\\www\\c...')
#3 C:\wamp64\www\cakeblog\lib\Cake\View\View.php(933): View->_evaluate('C:\\wamp64\\www\\c...', Array)
#4 C:\wamp64\www\cakeblog\lib\Cake\View\View.php(473): View->_render('C:\\wamp64\\www\\c...')
#5 C:\wamp64\www\cakeblog\lib\Cake\Controller\Controller.php(973): View->render('home', NULL)
#6 C:\wamp64\www\cakeblog\app\Controller\PagesController.php(72): Controller->render('home')
#7 [internal function]: PagesController->display('home')
#8 C:\wamp64\www\cakeblog\lib\Cake\Controller\Controller.php(504): ReflectionMethod->invokeArgs(Object(PagesController), Array)
#9 C:\wamp64\www\cakeblog\lib\Cake\Routing\Dispatcher.php(193): Controller->invokeAction(Object(CakeRequest))
#10 C:\wamp64\www\cakeblog\lib\Cake\Routing\Dispatcher.php(167): Dispatcher->_invoke(Object(PagesController), Object(CakeRequest))
#11 C:\wamp64\www\cakeblog\app\webroot\index.php(117): Dispatcher->dispatch(Object(CakeRequest), Object(CakeResponse))
#12 {main}
2024-07-10 14:25:50 Error: [MissingControllerException] Controller class TopicsController could not be found.
Exception Attributes: array (
  'class' => 'TopicsController',
  'plugin' => NULL,
)
Request URL: /cakeblog/Topics/add
Stack Trace:
#0 C:\wamp64\www\cakeblog\app\webroot\index.php(117): Dispatcher->dispatch(Object(CakeRequest), Object(CakeResponse))
#1 {main}
2024-07-10 14:26:06 Error: [MissingControllerException] Controller class TopicsController could not be found.
Exception Attributes: array (
  'class' => 'TopicsController',
  'plugin' => NULL,
)
Request URL: /cakeblog/Topics/add
Stack Trace:
#0 C:\wamp64\www\cakeblog\app\webroot\index.php(117): Dispatcher->dispatch(Object(CakeRequest), Object(CakeResponse))
#1 {main}
2024-07-10 14:26:08 Error: [MissingControllerException] Controller class TopicsController could not be found.
Exception Attributes: array (
  'class' => 'TopicsController',
  'plugin' => NULL,
)
Request URL: /cakeblog/Topics/add
Stack Trace:
#0 C:\wamp64\www\cakeblog\app\webroot\index.php(117): Dispatcher->dispatch(Object(CakeRequest), Object(CakeResponse))
#1 {main}
2024-07-10 14:26:45 Error: [MissingActionException] Action AppController::Topics() could not be found.
Exception Attributes: array (
  'controller' => 'AppController',
  'action' => 'Topics',
)
Request URL: /cakeblog/app/Topics/add
Stack Trace:
#0 C:\wamp64\www\cakeblog\lib\Cake\Routing\Dispatcher.php(193): Controller->invokeAction(Object(CakeRequest))
#1 C:\wamp64\www\cakeblog\lib\Cake\Routing\Dispatcher.php(167): Dispatcher->_invoke(Object(AppController), Object(CakeRequest))
#2 C:\wamp64\www\cakeblog\app\webroot\index.php(117): Dispatcher->dispatch(Object(CakeRequest), Object(CakeResponse))
#3 {main}
2024-07-10 14:28:36 Error: [MissingActionException] Action AppController::Topics() could not be found.
Exception Attributes: array (
  'controller' => 'AppController',
  'action' => 'Topics',
)
Request URL: /cakeblog/app/Topics/add
Stack Trace:
#0 C:\wamp64\www\cakeblog\lib\Cake\Routing\Dispatcher.php(193): Controller->invokeAction(Object(CakeRequest))
#1 C:\wamp64\www\cakeblog\lib\Cake\Routing\Dispatcher.php(167): Dispatcher->_invoke(Object(AppController), Object(CakeRequest))
#2 C:\wamp64\www\cakeblog\app\webroot\index.php(117): Dispatcher->dispatch(Object(CakeRequest), Object(CakeResponse))
#3 {main}
2024-07-10 14:28:37 Error: [MissingActionException] Action AppController::Topics() could not be found.
Exception Attributes: array (
  'controller' => 'AppController',
  'action' => 'Topics',
)
Request URL: /cakeblog/app/Topics/add
Stack Trace:
#0 C:\wamp64\www\cakeblog\lib\Cake\Routing\Dispatcher.php(193): Controller->invokeAction(Object(CakeRequest))
#1 C:\wamp64\www\cakeblog\lib\Cake\Routing\Dispatcher.php(167): Dispatcher->_invoke(Object(AppController), Object(CakeRequest))
#2 C:\wamp64\www\cakeblog\app\webroot\index.php(117): Dispatcher->dispatch(Object(CakeRequest), Object(CakeResponse))
#3 {main}
2024-07-10 14:32:43 Error: [MissingActionException] Action AppController::TopicsController() could not be found.
Exception Attributes: array (
  'controller' => 'AppController',
  'action' => 'TopicsController',
)
Request URL: /cakeblog/app/TopicsController/add
Stack Trace:
#0 C:\wamp64\www\cakeblog\lib\Cake\Routing\Dispatcher.php(193): Controller->invokeAction(Object(CakeRequest))
#1 C:\wamp64\www\cakeblog\lib\Cake\Routing\Dispatcher.php(167): Dispatcher->_invoke(Object(AppController), Object(CakeRequest))
#2 C:\wamp64\www\cakeblog\app\webroot\index.php(117): Dispatcher->dispatch(Object(CakeRequest), Object(CakeResponse))
#3 {main}
2024-07-10 14:32:51 Error: [MissingActionException] Action AppController::Topics() could not be found.
Exception Attributes: array (
  'controller' => 'AppController',
  'action' => 'Topics',
)
Request URL: /cakeblog/app/Topics/add
Stack Trace:
#0 C:\wamp64\www\cakeblog\lib\Cake\Routing\Dispatcher.php(193): Controller->invokeAction(Object(CakeRequest))
#1 C:\wamp64\www\cakeblog\lib\Cake\Routing\Dispatcher.php(167): Dispatcher->_invoke(Object(AppController), Object(CakeRequest))
#2 C:\wamp64\www\cakeblog\app\webroot\index.php(117): Dispatcher->dispatch(Object(CakeRequest), Object(CakeResponse))
#3 {main}
2024-07-10 14:55:12 Error: [MissingViewException] View file "Pages\teste.ctp" is missing.
Exception Attributes: array (
  'file' => 'Pages\\teste.ctp',
)
Request URL: /cakeblog/pages/teste
Stack Trace:
#0 C:\wamp64\www\cake2-php8\lib\Cake\View\View.php(470): View->_getViewFileName('Pages\\teste')
#1 C:\wamp64\www\cake2-php8\lib\Cake\Controller\Controller.php(973): View->render('teste', NULL)
#2 C:\wamp64\www\cakeblog\Controller\PagesController.php(72): Controller->render('teste')
#3 [internal function]: PagesController->display('teste')
#4 C:\wamp64\www\cake2-php8\lib\Cake\Controller\Controller.php(504): ReflectionMethod->invokeArgs(Object(PagesController), Array)
#5 C:\wamp64\www\cake2-php8\lib\Cake\Routing\Dispatcher.php(193): Controller->invokeAction(Object(CakeRequest))
#6 C:\wamp64\www\cake2-php8\lib\Cake\Routing\Dispatcher.php(167): Dispatcher->_invoke(Object(PagesController), Object(CakeRequest))
#7 C:\wamp64\www\cakeblog\webroot\index.php(117): Dispatcher->dispatch(Object(CakeRequest), Object(CakeResponse))
#8 {main}
2024-07-10 14:59:04 Error: [MissingViewException] View file "Pages\test.ctp" is missing.
Exception Attributes: array (
  'file' => 'Pages\\test.ctp',
)
Request URL: /cakeblog/pages/test
Stack Trace:
#0 C:\wamp64\www\cake2-php8\lib\Cake\View\View.php(470): View->_getViewFileName('Pages\\test')
#1 C:\wamp64\www\cake2-php8\lib\Cake\Controller\Controller.php(973): View->render('test', NULL)
#2 C:\wamp64\www\cakeblog\Controller\PagesController.php(72): Controller->render('test')
#3 [internal function]: PagesController->display('test')
#4 C:\wamp64\www\cake2-php8\lib\Cake\Controller\Controller.php(504): ReflectionMethod->invokeArgs(Object(PagesController), Array)
#5 C:\wamp64\www\cake2-php8\lib\Cake\Routing\Dispatcher.php(193): Controller->invokeAction(Object(CakeRequest))
#6 C:\wamp64\www\cake2-php8\lib\Cake\Routing\Dispatcher.php(167): Dispatcher->_invoke(Object(PagesController), Object(CakeRequest))
#7 C:\wamp64\www\cakeblog\webroot\index.php(117): Dispatcher->dispatch(Object(CakeRequest), Object(CakeResponse))
#8 {main}
2024-07-10 17:34:40 Error: [MissingActionException] Action PostsController::view() could not be found.
Exception Attributes: array (
  'controller' => 'PostsController',
  'action' => 'view',
)
Request URL: /cakeblog/posts/view/1
Stack Trace:
#0 C:\wamp64\www\cake2-php8\lib\Cake\Routing\Dispatcher.php(193): Controller->invokeAction(Object(CakeRequest))
#1 C:\wamp64\www\cake2-php8\lib\Cake\Routing\Dispatcher.php(167): Dispatcher->_invoke(Object(PostsController), Object(CakeRequest))
#2 C:\wamp64\www\cakeblog\webroot\index.php(117): Dispatcher->dispatch(Object(CakeRequest), Object(CakeResponse))
#3 {main}
2024-07-10 17:46:06 Error: [Error] Call to a member function find() on null
Request URL: /cakeblog/posts
Stack Trace:
#0 [internal function]: PostsController->index()
#1 C:\wamp64\www\cake2-php8\lib\Cake\Controller\Controller.php(504): ReflectionMethod->invokeArgs(Object(PostsController), Array)
#2 C:\wamp64\www\cake2-php8\lib\Cake\Routing\Dispatcher.php(193): Controller->invokeAction(Object(CakeRequest))
#3 C:\wamp64\www\cake2-php8\lib\Cake\Routing\Dispatcher.php(167): Dispatcher->_invoke(Object(PostsController), Object(CakeRequest))
#4 C:\wamp64\www\cakeblog\webroot\index.php(117): Dispatcher->dispatch(Object(CakeRequest), Object(CakeResponse))
#5 {main}
2024-07-10 17:46:07 Error: [Error] Call to a member function find() on null
Request URL: /cakeblog/posts
Stack Trace:
#0 [internal function]: PostsController->index()
#1 C:\wamp64\www\cake2-php8\lib\Cake\Controller\Controller.php(504): ReflectionMethod->invokeArgs(Object(PostsController), Array)
#2 C:\wamp64\www\cake2-php8\lib\Cake\Routing\Dispatcher.php(193): Controller->invokeAction(Object(CakeRequest))
#3 C:\wamp64\www\cake2-php8\lib\Cake\Routing\Dispatcher.php(167): Dispatcher->_invoke(Object(PostsController), Object(CakeRequest))
#4 C:\wamp64\www\cakeblog\webroot\index.php(117): Dispatcher->dispatch(Object(CakeRequest), Object(CakeResponse))
#5 {main}
2024-07-10 17:47:48 Error: [MissingActionException] Action PostsController::view() could not be found.
Exception Attributes: array (
  'controller' => 'PostsController',
  'action' => 'view',
)
Request URL: /cakeblog/posts/view/2
Stack Trace:
#0 C:\wamp64\www\cake2-php8\lib\Cake\Routing\Dispatcher.php(193): Controller->invokeAction(Object(CakeRequest))
#1 C:\wamp64\www\cake2-php8\lib\Cake\Routing\Dispatcher.php(167): Dispatcher->_invoke(Object(PostsController), Object(CakeRequest))
#2 C:\wamp64\www\cakeblog\webroot\index.php(117): Dispatcher->dispatch(Object(CakeRequest), Object(CakeResponse))
#3 {main}
2024-07-10 17:49:06 Error: [MissingActionException] Action PostsController::view() could not be found.
Exception Attributes: array (
  'controller' => 'PostsController',
  'action' => 'view',
)
Request URL: /cakeblog/posts/view/2
Stack Trace:
#0 C:\wamp64\www\cake2-php8\lib\Cake\Routing\Dispatcher.php(193): Controller->invokeAction(Object(CakeRequest))
#1 C:\wamp64\www\cake2-php8\lib\Cake\Routing\Dispatcher.php(167): Dispatcher->_invoke(Object(PostsController), Object(CakeRequest))
#2 C:\wamp64\www\cakeblog\webroot\index.php(117): Dispatcher->dispatch(Object(CakeRequest), Object(CakeResponse))
#3 {main}
2024-07-10 17:49:16 Error: [MissingActionException] Action PostsController::view() could not be found.
Exception Attributes: array (
  'controller' => 'PostsController',
  'action' => 'view',
)
Request URL: /cakeblog/posts/view/2
Stack Trace:
#0 C:\wamp64\www\cake2-php8\lib\Cake\Routing\Dispatcher.php(193): Controller->invokeAction(Object(CakeRequest))
#1 C:\wamp64\www\cake2-php8\lib\Cake\Routing\Dispatcher.php(167): Dispatcher->_invoke(Object(PostsController), Object(CakeRequest))
#2 C:\wamp64\www\cakeblog\webroot\index.php(117): Dispatcher->dispatch(Object(CakeRequest), Object(CakeResponse))
#3 {main}
2024-07-10 17:49:23 Error: [MissingActionException] Action PostsController::view() could not be found.
Exception Attributes: array (
  'controller' => 'PostsController',
  'action' => 'view',
)
Request URL: /cakeblog/posts/view/1
Stack Trace:
#0 C:\wamp64\www\cake2-php8\lib\Cake\Routing\Dispatcher.php(193): Controller->invokeAction(Object(CakeRequest))
#1 C:\wamp64\www\cake2-php8\lib\Cake\Routing\Dispatcher.php(167): Dispatcher->_invoke(Object(PostsController), Object(CakeRequest))
#2 C:\wamp64\www\cakeblog\webroot\index.php(117): Dispatcher->dispatch(Object(CakeRequest), Object(CakeResponse))
#3 {main}
2024-07-10 17:49:27 Error: [MissingActionException] Action PostsController::view() could not be found.
Exception Attributes: array (
  'controller' => 'PostsController',
  'action' => 'view',
)
Request URL: /cakeblog/posts/view/2
Stack Trace:
#0 C:\wamp64\www\cake2-php8\lib\Cake\Routing\Dispatcher.php(193): Controller->invokeAction(Object(CakeRequest))
#1 C:\wamp64\www\cake2-php8\lib\Cake\Routing\Dispatcher.php(167): Dispatcher->_invoke(Object(PostsController), Object(CakeRequest))
#2 C:\wamp64\www\cakeblog\webroot\index.php(117): Dispatcher->dispatch(Object(CakeRequest), Object(CakeResponse))
#3 {main}
2024-07-10 17:56:54 Error: [PDOException] SQLSTATE[42S22]: Column not found: 1054 Unknown column 'Post.description' in 'field list'
Request URL: /cakeblog/posts
Stack Trace:
#0 C:\wamp64\www\cake2-php8\lib\Cake\Model\Datasource\DboSource.php(502): PDOStatement->execute(Array)
#1 C:\wamp64\www\cake2-php8\lib\Cake\Model\Datasource\DboSource.php(468): DboSource->_execute('SELECT `Post`.`...', Array)
#2 C:\wamp64\www\cake2-php8\lib\Cake\Model\Datasource\DboSource.php(715): DboSource->execute('SELECT `Post`.`...', Array, Array)
#3 C:\wamp64\www\cake2-php8\lib\Cake\Model\Datasource\DboSource.php(1226): DboSource->fetchAll('SELECT `Post`.`...', Array)
#4 C:\wamp64\www\cake2-php8\lib\Cake\Model\Model.php(3053): DboSource->read(Object(Post), Array)
#5 C:\wamp64\www\cake2-php8\lib\Cake\Model\Model.php(3025): Model->_readDataSource('list', Array)
#6 C:\wamp64\www\cakeblog\Controller\PostsController.php(13): Model->find('list', Array)
#7 [internal function]: PostsController->index()
#8 C:\wamp64\www\cake2-php8\lib\Cake\Controller\Controller.php(504): ReflectionMethod->invokeArgs(Object(PostsController), Array)
#9 C:\wamp64\www\cake2-php8\lib\Cake\Routing\Dispatcher.php(193): Controller->invokeAction(Object(CakeRequest))
#10 C:\wamp64\www\cake2-php8\lib\Cake\Routing\Dispatcher.php(167): Dispatcher->_invoke(Object(PostsController), Object(CakeRequest))
#11 C:\wamp64\www\cakeblog\webroot\index.php(117): Dispatcher->dispatch(Object(CakeRequest), Object(CakeResponse))
#12 {main}
2024-07-10 17:58:33 Error: [ParseError] syntax error, unexpected token ";", expecting ")"
Request URL: /cakeblog/posts
Stack Trace:
#0 [internal function]: App::load('PostsController')
#1 C:\wamp64\www\cake2-php8\lib\Cake\Routing\Dispatcher.php(266): class_exists('PostsController')
#2 C:\wamp64\www\cake2-php8\lib\Cake\Routing\Dispatcher.php(235): Dispatcher->_loadController(Object(CakeRequest))
#3 C:\wamp64\www\cake2-php8\lib\Cake\Routing\Dispatcher.php(158): Dispatcher->_getController(Object(CakeRequest), Object(CakeResponse))
#4 C:\wamp64\www\cakeblog\webroot\index.php(117): Dispatcher->dispatch(Object(CakeRequest), Object(CakeResponse))
#5 {main}
