2024-07-11 14:47:36 Error: [MissingControllerException] Controller class CakeblogController could not be found.
Exception Attributes: array (
  'class' => 'CakeblogController',
  'plugin' => NULL,
)
Request URL: /cakeblog/cakeblog/
Stack Trace:
#0 C:\wamp64\www\cakeblog\webroot\index.php(117): Dispatcher->dispatch(Object(CakeRequest), Object(CakeResponse))
#1 {main}
2024-07-11 14:47:38 Error: [MissingControllerException] Controller class CakeblogController could not be found.
Exception Attributes: array (
  'class' => 'CakeblogController',
  'plugin' => NULL,
)
Request URL: /cakeblog/cakeblog/
Stack Trace:
#0 C:\wamp64\www\cakeblog\webroot\index.php(117): Dispatcher->dispatch(Object(CakeRequest), Object(CakeResponse))
#1 {main}
2024-07-11 14:49:20 Error: [MissingControllerException] Controller class AddController could not be found.
Exception Attributes: array (
  'class' => 'AddController',
  'plugin' => NULL,
)
Request URL: /cakeblog/add
Stack Trace:
#0 C:\wamp64\www\cakeblog\webroot\index.php(117): Dispatcher->dispatch(Object(CakeRequest), Object(CakeResponse))
#1 {main}
2024-07-11 14:53:11 Error: [Error] Call to undefined method PostsController::Auth()
Request URL: /cakeblog/
Stack Trace:
#0 [internal function]: PostsController->index()
#1 C:\wamp64\www\cake2-php8\lib\Cake\Controller\Controller.php(504): ReflectionMethod->invokeArgs(Object(PostsController), Array)
#2 C:\wamp64\www\cake2-php8\lib\Cake\Routing\Dispatcher.php(193): Controller->invokeAction(Object(CakeRequest))
#3 C:\wamp64\www\cake2-php8\lib\Cake\Routing\Dispatcher.php(167): Dispatcher->_invoke(Object(PostsController), Object(CakeRequest))
#4 C:\wamp64\www\cakeblog\webroot\index.php(117): Dispatcher->dispatch(Object(CakeRequest), Object(CakeResponse))
#5 {main}
2024-07-11 16:58:35 Error: [MissingControllerException] Controller class ViewController could not be found.
Exception Attributes: array (
  'class' => 'ViewController',
  'plugin' => NULL,
)
Request URL: /cakeblog/view/
Stack Trace:
#0 C:\wamp64\www\cakeblog\webroot\index.php(117): Dispatcher->dispatch(Object(CakeRequest), Object(CakeResponse))
#1 {main}
2024-07-11 16:59:07 Error: [NotFoundException] Invalid post
Request URL: /cakeblog/posts/view
Stack Trace:
#0 [internal function]: PostsController->view()
#1 C:\wamp64\www\cake2-php8\lib\Cake\Controller\Controller.php(504): ReflectionMethod->invokeArgs(Object(PostsController), Array)
#2 C:\wamp64\www\cake2-php8\lib\Cake\Routing\Dispatcher.php(193): Controller->invokeAction(Object(CakeRequest))
#3 C:\wamp64\www\cake2-php8\lib\Cake\Routing\Dispatcher.php(167): Dispatcher->_invoke(Object(PostsController), Object(CakeRequest))
#4 C:\wamp64\www\cakeblog\webroot\index.php(117): Dispatcher->dispatch(Object(CakeRequest), Object(CakeResponse))
#5 {main}
2024-07-11 17:02:08 Error: [NotFoundException] Invalid post
Request URL: /cakeblog/posts/view
Stack Trace:
#0 [internal function]: PostsController->view()
#1 C:\wamp64\www\cake2-php8\lib\Cake\Controller\Controller.php(504): ReflectionMethod->invokeArgs(Object(PostsController), Array)
#2 C:\wamp64\www\cake2-php8\lib\Cake\Routing\Dispatcher.php(193): Controller->invokeAction(Object(CakeRequest))
#3 C:\wamp64\www\cake2-php8\lib\Cake\Routing\Dispatcher.php(167): Dispatcher->_invoke(Object(PostsController), Object(CakeRequest))
#4 C:\wamp64\www\cakeblog\webroot\index.php(117): Dispatcher->dispatch(Object(CakeRequest), Object(CakeResponse))
#5 {main}
2024-07-11 17:17:15 Error: [MissingViewException] View file "Posts\user_index.ctp" is missing.
Exception Attributes: array (
  'file' => 'Posts\\user_index.ctp',
)
Request URL: /cakeblog/posts/userIndex
Stack Trace:
#0 C:\wamp64\www\cake2-php8\lib\Cake\View\View.php(470): View->_getViewFileName('Posts\\user_inde...')
#1 C:\wamp64\www\cake2-php8\lib\Cake\Controller\Controller.php(973): View->render(NULL, NULL)
#2 C:\wamp64\www\cake2-php8\lib\Cake\Routing\Dispatcher.php(200): Controller->render()
#3 C:\wamp64\www\cake2-php8\lib\Cake\Routing\Dispatcher.php(167): Dispatcher->_invoke(Object(PostsController), Object(CakeRequest))
#4 C:\wamp64\www\cakeblog\webroot\index.php(117): Dispatcher->dispatch(Object(CakeRequest), Object(CakeResponse))
#5 {main}
2024-07-11 17:17:24 Error: [MissingViewException] View file "Posts\user_index.ctp" is missing.
Exception Attributes: array (
  'file' => 'Posts\\user_index.ctp',
)
Request URL: /cakeblog/posts/userIndex
Stack Trace:
#0 C:\wamp64\www\cake2-php8\lib\Cake\View\View.php(470): View->_getViewFileName('Posts\\user_inde...')
#1 C:\wamp64\www\cake2-php8\lib\Cake\Controller\Controller.php(973): View->render(NULL, NULL)
#2 C:\wamp64\www\cake2-php8\lib\Cake\Routing\Dispatcher.php(200): Controller->render()
#3 C:\wamp64\www\cake2-php8\lib\Cake\Routing\Dispatcher.php(167): Dispatcher->_invoke(Object(PostsController), Object(CakeRequest))
#4 C:\wamp64\www\cakeblog\webroot\index.php(117): Dispatcher->dispatch(Object(CakeRequest), Object(CakeResponse))
#5 {main}
2024-07-11 17:18:46 Error: [MissingViewException] View file "Posts\user_index.ctp" is missing.
Exception Attributes: array (
  'file' => 'Posts\\user_index.ctp',
)
Request URL: /cakeblog/posts/userIndex
Stack Trace:
#0 C:\wamp64\www\cake2-php8\lib\Cake\View\View.php(470): View->_getViewFileName('Posts\\user_inde...')
#1 C:\wamp64\www\cake2-php8\lib\Cake\Controller\Controller.php(973): View->render(NULL, NULL)
#2 C:\wamp64\www\cake2-php8\lib\Cake\Routing\Dispatcher.php(200): Controller->render()
#3 C:\wamp64\www\cake2-php8\lib\Cake\Routing\Dispatcher.php(167): Dispatcher->_invoke(Object(PostsController), Object(CakeRequest))
#4 C:\wamp64\www\cakeblog\webroot\index.php(117): Dispatcher->dispatch(Object(CakeRequest), Object(CakeResponse))
#5 {main}
2024-07-11 17:21:35 Error: [MissingActionException] Action PostsController::userIndex() could not be found.
Exception Attributes: array (
  'controller' => 'PostsController',
  'action' => 'userIndex',
)
Request URL: /cakeblog/posts/userIndex
Stack Trace:
#0 C:\wamp64\www\cake2-php8\lib\Cake\Routing\Dispatcher.php(193): Controller->invokeAction(Object(CakeRequest))
#1 C:\wamp64\www\cake2-php8\lib\Cake\Routing\Dispatcher.php(167): Dispatcher->_invoke(Object(PostsController), Object(CakeRequest))
#2 C:\wamp64\www\cakeblog\webroot\index.php(117): Dispatcher->dispatch(Object(CakeRequest), Object(CakeResponse))
#3 {main}
2024-07-11 17:51:04 Error: [MissingHelperException] Helper class AuthHelper could not be found.
Exception Attributes: array (
  'class' => 'AuthHelper',
  'plugin' => '',
)
Request URL: /cakeblog/posts/index/action/index
Stack Trace:
#0 C:\wamp64\www\cake2-php8\lib\Cake\View\HelperCollection.php(63): HelperCollection->load('Auth')
#1 C:\wamp64\www\cake2-php8\lib\Cake\View\View.php(858): HelperCollection->__isset('Auth')
#2 C:\wamp64\www\cakeblog\View\Posts\index.ctp(3): View->__get('Auth')
#3 C:\wamp64\www\cake2-php8\lib\Cake\View\View.php(971): include('C:\\wamp64\\www\\c...')
#4 C:\wamp64\www\cake2-php8\lib\Cake\View\View.php(933): View->_evaluate('C:\\wamp64\\www\\c...', Array)
#5 C:\wamp64\www\cake2-php8\lib\Cake\View\View.php(473): View->_render('C:\\wamp64\\www\\c...')
#6 C:\wamp64\www\cake2-php8\lib\Cake\Controller\Controller.php(973): View->render(NULL, NULL)
#7 C:\wamp64\www\cake2-php8\lib\Cake\Routing\Dispatcher.php(200): Controller->render()
#8 C:\wamp64\www\cake2-php8\lib\Cake\Routing\Dispatcher.php(167): Dispatcher->_invoke(Object(PostsController), Object(CakeRequest))
#9 C:\wamp64\www\cakeblog\webroot\index.php(117): Dispatcher->dispatch(Object(CakeRequest), Object(CakeResponse))
#10 {main}
2024-07-11 17:51:35 Error: [MissingHelperException] Helper class AuthHelper could not be found.
Exception Attributes: array (
  'class' => 'AuthHelper',
  'plugin' => '',
)
Request URL: /cakeblog/posts/index/action/index
Stack Trace:
#0 C:\wamp64\www\cake2-php8\lib\Cake\View\HelperCollection.php(63): HelperCollection->load('Auth')
#1 C:\wamp64\www\cake2-php8\lib\Cake\View\View.php(858): HelperCollection->__isset('Auth')
#2 C:\wamp64\www\cakeblog\View\Posts\index.ctp(3): View->__get('Auth')
#3 C:\wamp64\www\cake2-php8\lib\Cake\View\View.php(971): include('C:\\wamp64\\www\\c...')
#4 C:\wamp64\www\cake2-php8\lib\Cake\View\View.php(933): View->_evaluate('C:\\wamp64\\www\\c...', Array)
#5 C:\wamp64\www\cake2-php8\lib\Cake\View\View.php(473): View->_render('C:\\wamp64\\www\\c...')
#6 C:\wamp64\www\cake2-php8\lib\Cake\Controller\Controller.php(973): View->render(NULL, NULL)
#7 C:\wamp64\www\cake2-php8\lib\Cake\Routing\Dispatcher.php(200): Controller->render()
#8 C:\wamp64\www\cake2-php8\lib\Cake\Routing\Dispatcher.php(167): Dispatcher->_invoke(Object(PostsController), Object(CakeRequest))
#9 C:\wamp64\www\cakeblog\webroot\index.php(117): Dispatcher->dispatch(Object(CakeRequest), Object(CakeResponse))
#10 {main}
2024-07-11 17:52:25 Error: [MissingHelperException] Helper class AuthHelper could not be found.
Exception Attributes: array (
  'class' => 'AuthHelper',
  'plugin' => '',
)
Request URL: /cakeblog/posts/index/action/index
Stack Trace:
#0 C:\wamp64\www\cake2-php8\lib\Cake\View\HelperCollection.php(63): HelperCollection->load('Auth')
#1 C:\wamp64\www\cake2-php8\lib\Cake\View\View.php(858): HelperCollection->__isset('Auth')
#2 C:\wamp64\www\cakeblog\View\Posts\index.ctp(3): View->__get('Auth')
#3 C:\wamp64\www\cake2-php8\lib\Cake\View\View.php(971): include('C:\\wamp64\\www\\c...')
#4 C:\wamp64\www\cake2-php8\lib\Cake\View\View.php(933): View->_evaluate('C:\\wamp64\\www\\c...', Array)
#5 C:\wamp64\www\cake2-php8\lib\Cake\View\View.php(473): View->_render('C:\\wamp64\\www\\c...')
#6 C:\wamp64\www\cake2-php8\lib\Cake\Controller\Controller.php(973): View->render(NULL, NULL)
#7 C:\wamp64\www\cake2-php8\lib\Cake\Routing\Dispatcher.php(200): Controller->render()
#8 C:\wamp64\www\cake2-php8\lib\Cake\Routing\Dispatcher.php(167): Dispatcher->_invoke(Object(PostsController), Object(CakeRequest))
#9 C:\wamp64\www\cakeblog\webroot\index.php(117): Dispatcher->dispatch(Object(CakeRequest), Object(CakeResponse))
#10 {main}
2024-07-11 17:52:39 Error: [MissingHelperException] Helper class AuthHelper could not be found.
Exception Attributes: array (
  'class' => 'AuthHelper',
  'plugin' => '',
)
Request URL: /cakeblog/posts/index/action/index
Stack Trace:
#0 C:\wamp64\www\cake2-php8\lib\Cake\View\HelperCollection.php(63): HelperCollection->load('Auth')
#1 C:\wamp64\www\cake2-php8\lib\Cake\View\View.php(858): HelperCollection->__isset('Auth')
#2 C:\wamp64\www\cakeblog\View\Posts\index.ctp(3): View->__get('Auth')
#3 C:\wamp64\www\cake2-php8\lib\Cake\View\View.php(971): include('C:\\wamp64\\www\\c...')
#4 C:\wamp64\www\cake2-php8\lib\Cake\View\View.php(933): View->_evaluate('C:\\wamp64\\www\\c...', Array)
#5 C:\wamp64\www\cake2-php8\lib\Cake\View\View.php(473): View->_render('C:\\wamp64\\www\\c...')
#6 C:\wamp64\www\cake2-php8\lib\Cake\Controller\Controller.php(973): View->render(NULL, NULL)
#7 C:\wamp64\www\cake2-php8\lib\Cake\Routing\Dispatcher.php(200): Controller->render()
#8 C:\wamp64\www\cake2-php8\lib\Cake\Routing\Dispatcher.php(167): Dispatcher->_invoke(Object(PostsController), Object(CakeRequest))
#9 C:\wamp64\www\cakeblog\webroot\index.php(117): Dispatcher->dispatch(Object(CakeRequest), Object(CakeResponse))
#10 {main}
2024-07-11 17:52:50 Error: [MissingHelperException] Helper class AuthHelper could not be found.
Exception Attributes: array (
  'class' => 'AuthHelper',
  'plugin' => '',
)
Request URL: /cakeblog/posts/index/action/index
Stack Trace:
#0 C:\wamp64\www\cake2-php8\lib\Cake\View\HelperCollection.php(63): HelperCollection->load('Auth')
#1 C:\wamp64\www\cake2-php8\lib\Cake\View\View.php(858): HelperCollection->__isset('Auth')
#2 C:\wamp64\www\cakeblog\View\Posts\index.ctp(3): View->__get('Auth')
#3 C:\wamp64\www\cake2-php8\lib\Cake\View\View.php(971): include('C:\\wamp64\\www\\c...')
#4 C:\wamp64\www\cake2-php8\lib\Cake\View\View.php(933): View->_evaluate('C:\\wamp64\\www\\c...', Array)
#5 C:\wamp64\www\cake2-php8\lib\Cake\View\View.php(473): View->_render('C:\\wamp64\\www\\c...')
#6 C:\wamp64\www\cake2-php8\lib\Cake\Controller\Controller.php(973): View->render(NULL, NULL)
#7 C:\wamp64\www\cake2-php8\lib\Cake\Routing\Dispatcher.php(200): Controller->render()
#8 C:\wamp64\www\cake2-php8\lib\Cake\Routing\Dispatcher.php(167): Dispatcher->_invoke(Object(PostsController), Object(CakeRequest))
#9 C:\wamp64\www\cakeblog\webroot\index.php(117): Dispatcher->dispatch(Object(CakeRequest), Object(CakeResponse))
#10 {main}
2024-07-11 17:54:35 Error: [MissingHelperException] Helper class AuthHelper could not be found.
Exception Attributes: array (
  'class' => 'AuthHelper',
  'plugin' => '',
)
Request URL: /cakeblog/posts/index/action/index
Stack Trace:
#0 C:\wamp64\www\cake2-php8\lib\Cake\View\HelperCollection.php(63): HelperCollection->load('Auth')
#1 C:\wamp64\www\cake2-php8\lib\Cake\View\View.php(858): HelperCollection->__isset('Auth')
#2 C:\wamp64\www\cakeblog\View\Posts\index.ctp(3): View->__get('Auth')
#3 C:\wamp64\www\cake2-php8\lib\Cake\View\View.php(971): include('C:\\wamp64\\www\\c...')
#4 C:\wamp64\www\cake2-php8\lib\Cake\View\View.php(933): View->_evaluate('C:\\wamp64\\www\\c...', Array)
#5 C:\wamp64\www\cake2-php8\lib\Cake\View\View.php(473): View->_render('C:\\wamp64\\www\\c...')
#6 C:\wamp64\www\cake2-php8\lib\Cake\Controller\Controller.php(973): View->render(NULL, NULL)
#7 C:\wamp64\www\cake2-php8\lib\Cake\Routing\Dispatcher.php(200): Controller->render()
#8 C:\wamp64\www\cake2-php8\lib\Cake\Routing\Dispatcher.php(167): Dispatcher->_invoke(Object(PostsController), Object(CakeRequest))
#9 C:\wamp64\www\cakeblog\webroot\index.php(117): Dispatcher->dispatch(Object(CakeRequest), Object(CakeResponse))
#10 {main}
2024-07-11 17:54:56 Error: [MissingHelperException] Helper class AuthHelper could not be found.
Exception Attributes: array (
  'class' => 'AuthHelper',
  'plugin' => '',
)
Request URL: /cakeblog/posts/index/action/index
Stack Trace:
#0 C:\wamp64\www\cake2-php8\lib\Cake\View\HelperCollection.php(63): HelperCollection->load('Auth')
#1 C:\wamp64\www\cake2-php8\lib\Cake\View\View.php(858): HelperCollection->__isset('Auth')
#2 C:\wamp64\www\cakeblog\View\Posts\index.ctp(3): View->__get('Auth')
#3 C:\wamp64\www\cake2-php8\lib\Cake\View\View.php(971): include('C:\\wamp64\\www\\c...')
#4 C:\wamp64\www\cake2-php8\lib\Cake\View\View.php(933): View->_evaluate('C:\\wamp64\\www\\c...', Array)
#5 C:\wamp64\www\cake2-php8\lib\Cake\View\View.php(473): View->_render('C:\\wamp64\\www\\c...')
#6 C:\wamp64\www\cake2-php8\lib\Cake\Controller\Controller.php(973): View->render(NULL, NULL)
#7 C:\wamp64\www\cake2-php8\lib\Cake\Routing\Dispatcher.php(200): Controller->render()
#8 C:\wamp64\www\cake2-php8\lib\Cake\Routing\Dispatcher.php(167): Dispatcher->_invoke(Object(PostsController), Object(CakeRequest))
#9 C:\wamp64\www\cakeblog\webroot\index.php(117): Dispatcher->dispatch(Object(CakeRequest), Object(CakeResponse))
#10 {main}
2024-07-11 17:57:59 Error: [MissingHelperException] Helper class AuthHelper could not be found.
Exception Attributes: array (
  'class' => 'AuthHelper',
  'plugin' => '',
)
Request URL: /cakeblog/
Stack Trace:
#0 C:\wamp64\www\cake2-php8\lib\Cake\View\HelperCollection.php(63): HelperCollection->load('Auth')
#1 C:\wamp64\www\cake2-php8\lib\Cake\View\View.php(858): HelperCollection->__isset('Auth')
#2 C:\wamp64\www\cakeblog\View\Posts\index.ctp(3): View->__get('Auth')
#3 C:\wamp64\www\cake2-php8\lib\Cake\View\View.php(971): include('C:\\wamp64\\www\\c...')
#4 C:\wamp64\www\cake2-php8\lib\Cake\View\View.php(933): View->_evaluate('C:\\wamp64\\www\\c...', Array)
#5 C:\wamp64\www\cake2-php8\lib\Cake\View\View.php(473): View->_render('C:\\wamp64\\www\\c...')
#6 C:\wamp64\www\cake2-php8\lib\Cake\Controller\Controller.php(973): View->render(NULL, NULL)
#7 C:\wamp64\www\cake2-php8\lib\Cake\Routing\Dispatcher.php(200): Controller->render()
#8 C:\wamp64\www\cake2-php8\lib\Cake\Routing\Dispatcher.php(167): Dispatcher->_invoke(Object(PostsController), Object(CakeRequest))
#9 C:\wamp64\www\cakeblog\webroot\index.php(117): Dispatcher->dispatch(Object(CakeRequest), Object(CakeResponse))
#10 {main}
2024-07-11 17:58:04 Error: [MissingHelperException] Helper class AuthHelper could not be found.
Exception Attributes: array (
  'class' => 'AuthHelper',
  'plugin' => '',
)
Request URL: /cakeblog/
Stack Trace:
#0 C:\wamp64\www\cake2-php8\lib\Cake\View\HelperCollection.php(63): HelperCollection->load('Auth')
#1 C:\wamp64\www\cake2-php8\lib\Cake\View\View.php(858): HelperCollection->__isset('Auth')
#2 C:\wamp64\www\cakeblog\View\Posts\index.ctp(3): View->__get('Auth')
#3 C:\wamp64\www\cake2-php8\lib\Cake\View\View.php(971): include('C:\\wamp64\\www\\c...')
#4 C:\wamp64\www\cake2-php8\lib\Cake\View\View.php(933): View->_evaluate('C:\\wamp64\\www\\c...', Array)
#5 C:\wamp64\www\cake2-php8\lib\Cake\View\View.php(473): View->_render('C:\\wamp64\\www\\c...')
#6 C:\wamp64\www\cake2-php8\lib\Cake\Controller\Controller.php(973): View->render(NULL, NULL)
#7 C:\wamp64\www\cake2-php8\lib\Cake\Routing\Dispatcher.php(200): Controller->render()
#8 C:\wamp64\www\cake2-php8\lib\Cake\Routing\Dispatcher.php(167): Dispatcher->_invoke(Object(PostsController), Object(CakeRequest))
#9 C:\wamp64\www\cakeblog\webroot\index.php(117): Dispatcher->dispatch(Object(CakeRequest), Object(CakeResponse))
#10 {main}
2024-07-11 18:11:45 Error: [ArgumentCountError] Too few arguments to function Router::redirect(), 1 passed in C:\wamp64\www\cakeblog\View\Posts\myposts.ctp on line 2 and at least 2 expected
Request URL: /cakeblog/posts/myposts/action/index
Stack Trace:
#0 C:\wamp64\www\cakeblog\View\Posts\myposts.ctp(2): Router::redirect(Array)
#1 C:\wamp64\www\cake2-php8\lib\Cake\View\View.php(971): include('C:\\wamp64\\www\\c...')
#2 C:\wamp64\www\cake2-php8\lib\Cake\View\View.php(933): View->_evaluate('C:\\wamp64\\www\\c...', Array)
#3 C:\wamp64\www\cake2-php8\lib\Cake\View\View.php(473): View->_render('C:\\wamp64\\www\\c...')
#4 C:\wamp64\www\cake2-php8\lib\Cake\Controller\Controller.php(973): View->render(NULL, NULL)
#5 C:\wamp64\www\cake2-php8\lib\Cake\Routing\Dispatcher.php(200): Controller->render()
#6 C:\wamp64\www\cake2-php8\lib\Cake\Routing\Dispatcher.php(167): Dispatcher->_invoke(Object(PostsController), Object(CakeRequest))
#7 C:\wamp64\www\cakeblog\webroot\index.php(117): Dispatcher->dispatch(Object(CakeRequest), Object(CakeResponse))
#8 {main}
2024-07-11 18:12:43 Error: [ParseError] syntax error, unexpected token ";", expecting ")"
Request URL: /cakeblog/posts/myposts
Stack Trace:
#0 C:\wamp64\www\cake2-php8\lib\Cake\View\View.php(933): View->_evaluate('C:\\wamp64\\www\\c...', Array)
#1 C:\wamp64\www\cake2-php8\lib\Cake\View\View.php(473): View->_render('C:\\wamp64\\www\\c...')
#2 C:\wamp64\www\cake2-php8\lib\Cake\Controller\Controller.php(973): View->render(NULL, NULL)
#3 C:\wamp64\www\cake2-php8\lib\Cake\Routing\Dispatcher.php(200): Controller->render()
#4 C:\wamp64\www\cake2-php8\lib\Cake\Routing\Dispatcher.php(167): Dispatcher->_invoke(Object(PostsController), Object(CakeRequest))
#5 C:\wamp64\www\cakeblog\webroot\index.php(117): Dispatcher->dispatch(Object(CakeRequest), Object(CakeResponse))
#6 {main}
2024-07-11 18:13:03 Error: [ArgumentCountError] Too few arguments to function Router::redirect(), 1 passed in C:\wamp64\www\cakeblog\View\Posts\myposts.ctp on line 2 and at least 2 expected
Request URL: /cakeblog/posts/myposts
Stack Trace:
#0 C:\wamp64\www\cakeblog\View\Posts\myposts.ctp(2): Router::redirect('/')
#1 C:\wamp64\www\cake2-php8\lib\Cake\View\View.php(971): include('C:\\wamp64\\www\\c...')
#2 C:\wamp64\www\cake2-php8\lib\Cake\View\View.php(933): View->_evaluate('C:\\wamp64\\www\\c...', Array)
#3 C:\wamp64\www\cake2-php8\lib\Cake\View\View.php(473): View->_render('C:\\wamp64\\www\\c...')
#4 C:\wamp64\www\cake2-php8\lib\Cake\Controller\Controller.php(973): View->render(NULL, NULL)
#5 C:\wamp64\www\cake2-php8\lib\Cake\Routing\Dispatcher.php(200): Controller->render()
#6 C:\wamp64\www\cake2-php8\lib\Cake\Routing\Dispatcher.php(167): Dispatcher->_invoke(Object(PostsController), Object(CakeRequest))
#7 C:\wamp64\www\cakeblog\webroot\index.php(117): Dispatcher->dispatch(Object(CakeRequest), Object(CakeResponse))
#8 {main}
2024-07-11 18:13:28 Error: [ArgumentCountError] Too few arguments to function Router::redirect(), 1 passed in C:\wamp64\www\cakeblog\View\Posts\myposts.ctp on line 2 and at least 2 expected
Request URL: /cakeblog/posts/myposts
Stack Trace:
#0 C:\wamp64\www\cakeblog\View\Posts\myposts.ctp(2): Router::redirect('/')
#1 C:\wamp64\www\cake2-php8\lib\Cake\View\View.php(971): include('C:\\wamp64\\www\\c...')
#2 C:\wamp64\www\cake2-php8\lib\Cake\View\View.php(933): View->_evaluate('C:\\wamp64\\www\\c...', Array)
#3 C:\wamp64\www\cake2-php8\lib\Cake\View\View.php(473): View->_render('C:\\wamp64\\www\\c...')
#4 C:\wamp64\www\cake2-php8\lib\Cake\Controller\Controller.php(973): View->render(NULL, NULL)
#5 C:\wamp64\www\cake2-php8\lib\Cake\Routing\Dispatcher.php(200): Controller->render()
#6 C:\wamp64\www\cake2-php8\lib\Cake\Routing\Dispatcher.php(167): Dispatcher->_invoke(Object(PostsController), Object(CakeRequest))
#7 C:\wamp64\www\cakeblog\webroot\index.php(117): Dispatcher->dispatch(Object(CakeRequest), Object(CakeResponse))
#8 {main}
2024-07-11 18:14:16 Error: [TypeError] rawurlencode(): Argument #1 ($string) must be of type string, CakeRoute given
Request URL: /cakeblog/posts/myposts
Stack Trace:
#0 [internal function]: rawurlencode(Object(CakeRoute))
#1 C:\wamp64\www\cake2-php8\lib\Cake\Routing\Route\CakeRoute.php(501): array_map('rawurlencode', Array)
#2 C:\wamp64\www\cake2-php8\lib\Cake\Routing\Route\CakeRoute.php(479): CakeRoute->_writeUrl(Array)
#3 C:\wamp64\www\cake2-php8\lib\Cake\Routing\Router.php(911): CakeRoute->match(Array)
#4 C:\wamp64\www\cake2-php8\lib\Cake\View\Helper.php(298): Router::url(Array, false)
#5 C:\wamp64\www\cake2-php8\lib\Cake\View\Helper\HtmlHelper.php(360): Helper->url(Array)
#6 C:\wamp64\www\cakeblog\View\Posts\myposts.ctp(2): HtmlHelper->link('Home Public Pag...', Array)
#7 C:\wamp64\www\cake2-php8\lib\Cake\View\View.php(971): include('C:\\wamp64\\www\\c...')
#8 C:\wamp64\www\cake2-php8\lib\Cake\View\View.php(933): View->_evaluate('C:\\wamp64\\www\\c...', Array)
#9 C:\wamp64\www\cake2-php8\lib\Cake\View\View.php(473): View->_render('C:\\wamp64\\www\\c...')
#10 C:\wamp64\www\cake2-php8\lib\Cake\Controller\Controller.php(973): View->render(NULL, NULL)
#11 C:\wamp64\www\cake2-php8\lib\Cake\Routing\Dispatcher.php(200): Controller->render()
#12 C:\wamp64\www\cake2-php8\lib\Cake\Routing\Dispatcher.php(167): Dispatcher->_invoke(Object(PostsController), Object(CakeRequest))
#13 C:\wamp64\www\cakeblog\webroot\index.php(117): Dispatcher->dispatch(Object(CakeRequest), Object(CakeResponse))
#14 {main}
2024-07-11 18:21:23 Error: [ArgumentCountError] Too few arguments to function Router::redirect(), 1 passed in C:\wamp64\www\cakeblog\View\Posts\myposts.ctp on line 2 and at least 2 expected
Request URL: /cakeblog/posts/myposts
Stack Trace:
#0 C:\wamp64\www\cakeblog\View\Posts\myposts.ctp(2): Router::redirect('/')
#1 C:\wamp64\www\cake2-php8\lib\Cake\View\View.php(971): include('C:\\wamp64\\www\\c...')
#2 C:\wamp64\www\cake2-php8\lib\Cake\View\View.php(933): View->_evaluate('C:\\wamp64\\www\\c...', Array)
#3 C:\wamp64\www\cake2-php8\lib\Cake\View\View.php(473): View->_render('C:\\wamp64\\www\\c...')
#4 C:\wamp64\www\cake2-php8\lib\Cake\Controller\Controller.php(973): View->render(NULL, NULL)
#5 C:\wamp64\www\cake2-php8\lib\Cake\Routing\Dispatcher.php(200): Controller->render()
#6 C:\wamp64\www\cake2-php8\lib\Cake\Routing\Dispatcher.php(167): Dispatcher->_invoke(Object(PostsController), Object(CakeRequest))
#7 C:\wamp64\www\cakeblog\webroot\index.php(117): Dispatcher->dispatch(Object(CakeRequest), Object(CakeResponse))
#8 {main}
2024-07-11 18:21:40 Error: [Error] Call to undefined method View::redirect()
Request URL: /cakeblog/posts/myposts
Stack Trace:
#0 C:\wamp64\www\cake2-php8\lib\Cake\View\View.php(971): include()
#1 C:\wamp64\www\cake2-php8\lib\Cake\View\View.php(933): View->_evaluate('C:\\wamp64\\www\\c...', Array)
#2 C:\wamp64\www\cake2-php8\lib\Cake\View\View.php(473): View->_render('C:\\wamp64\\www\\c...')
#3 C:\wamp64\www\cake2-php8\lib\Cake\Controller\Controller.php(973): View->render(NULL, NULL)
#4 C:\wamp64\www\cake2-php8\lib\Cake\Routing\Dispatcher.php(200): Controller->render()
#5 C:\wamp64\www\cake2-php8\lib\Cake\Routing\Dispatcher.php(167): Dispatcher->_invoke(Object(PostsController), Object(CakeRequest))
#6 C:\wamp64\www\cakeblog\webroot\index.php(117): Dispatcher->dispatch(Object(CakeRequest), Object(CakeResponse))
#7 {main}
2024-07-11 18:26:23 Error: [TypeError] rawurlencode(): Argument #1 ($string) must be of type string, CakeRoute given
Request URL: /cakeblog/posts/myposts
Stack Trace:
#0 [internal function]: rawurlencode(Object(CakeRoute))
#1 C:\wamp64\www\cake2-php8\lib\Cake\Routing\Route\CakeRoute.php(501): array_map('rawurlencode', Array)
#2 C:\wamp64\www\cake2-php8\lib\Cake\Routing\Route\CakeRoute.php(479): CakeRoute->_writeUrl(Array)
#3 C:\wamp64\www\cake2-php8\lib\Cake\Routing\Router.php(911): CakeRoute->match(Array)
#4 C:\wamp64\www\cake2-php8\lib\Cake\View\Helper.php(298): Router::url(Array, false)
#5 C:\wamp64\www\cake2-php8\lib\Cake\View\Helper\HtmlHelper.php(362): Helper->url(Array)
#6 C:\wamp64\www\cakeblog\View\Posts\myposts.ctp(2): HtmlHelper->link(Array)
#7 C:\wamp64\www\cake2-php8\lib\Cake\View\View.php(971): include('C:\\wamp64\\www\\c...')
#8 C:\wamp64\www\cake2-php8\lib\Cake\View\View.php(933): View->_evaluate('C:\\wamp64\\www\\c...', Array)
#9 C:\wamp64\www\cake2-php8\lib\Cake\View\View.php(473): View->_render('C:\\wamp64\\www\\c...')
#10 C:\wamp64\www\cake2-php8\lib\Cake\Controller\Controller.php(973): View->render(NULL, NULL)
#11 C:\wamp64\www\cake2-php8\lib\Cake\Routing\Dispatcher.php(200): Controller->render()
#12 C:\wamp64\www\cake2-php8\lib\Cake\Routing\Dispatcher.php(167): Dispatcher->_invoke(Object(PostsController), Object(CakeRequest))
#13 C:\wamp64\www\cakeblog\webroot\index.php(117): Dispatcher->dispatch(Object(CakeRequest), Object(CakeResponse))
#14 {main}
2024-07-11 18:27:46 Error: [ParseError] Unmatched ')'
Request URL: /cakeblog/posts/myposts
Stack Trace:
#0 C:\wamp64\www\cake2-php8\lib\Cake\View\View.php(933): View->_evaluate('C:\\wamp64\\www\\c...', Array)
#1 C:\wamp64\www\cake2-php8\lib\Cake\View\View.php(473): View->_render('C:\\wamp64\\www\\c...')
#2 C:\wamp64\www\cake2-php8\lib\Cake\Controller\Controller.php(973): View->render(NULL, NULL)
#3 C:\wamp64\www\cake2-php8\lib\Cake\Routing\Dispatcher.php(200): Controller->render()
#4 C:\wamp64\www\cake2-php8\lib\Cake\Routing\Dispatcher.php(167): Dispatcher->_invoke(Object(PostsController), Object(CakeRequest))
#5 C:\wamp64\www\cakeblog\webroot\index.php(117): Dispatcher->dispatch(Object(CakeRequest), Object(CakeResponse))
#6 {main}
2024-07-11 18:27:58 Error: [NotFoundException] Invalid post
Request URL: /cakeblog/posts/view
Stack Trace:
#0 [internal function]: PostsController->view()
#1 C:\wamp64\www\cake2-php8\lib\Cake\Controller\Controller.php(504): ReflectionMethod->invokeArgs(Object(PostsController), Array)
#2 C:\wamp64\www\cake2-php8\lib\Cake\Routing\Dispatcher.php(193): Controller->invokeAction(Object(CakeRequest))
#3 C:\wamp64\www\cake2-php8\lib\Cake\Routing\Dispatcher.php(167): Dispatcher->_invoke(Object(PostsController), Object(CakeRequest))
#4 C:\wamp64\www\cakeblog\webroot\index.php(117): Dispatcher->dispatch(Object(CakeRequest), Object(CakeResponse))
#5 {main}
2024-07-11 18:28:07 Error: [NotFoundException] Invalid post
Request URL: /cakeblog/posts/view
Stack Trace:
#0 [internal function]: PostsController->view()
#1 C:\wamp64\www\cake2-php8\lib\Cake\Controller\Controller.php(504): ReflectionMethod->invokeArgs(Object(PostsController), Array)
#2 C:\wamp64\www\cake2-php8\lib\Cake\Routing\Dispatcher.php(193): Controller->invokeAction(Object(CakeRequest))
#3 C:\wamp64\www\cake2-php8\lib\Cake\Routing\Dispatcher.php(167): Dispatcher->_invoke(Object(PostsController), Object(CakeRequest))
#4 C:\wamp64\www\cakeblog\webroot\index.php(117): Dispatcher->dispatch(Object(CakeRequest), Object(CakeResponse))
#5 {main}
2024-07-11 18:28:10 Error: [NotFoundException] Invalid post
Request URL: /cakeblog/posts/view
Stack Trace:
#0 [internal function]: PostsController->view()
#1 C:\wamp64\www\cake2-php8\lib\Cake\Controller\Controller.php(504): ReflectionMethod->invokeArgs(Object(PostsController), Array)
#2 C:\wamp64\www\cake2-php8\lib\Cake\Routing\Dispatcher.php(193): Controller->invokeAction(Object(CakeRequest))
#3 C:\wamp64\www\cake2-php8\lib\Cake\Routing\Dispatcher.php(167): Dispatcher->_invoke(Object(PostsController), Object(CakeRequest))
#4 C:\wamp64\www\cakeblog\webroot\index.php(117): Dispatcher->dispatch(Object(CakeRequest), Object(CakeResponse))
#5 {main}
2024-07-11 18:28:28 Error: [NotFoundException] Invalid post
Request URL: /cakeblog/posts/view
Stack Trace:
#0 [internal function]: PostsController->view()
#1 C:\wamp64\www\cake2-php8\lib\Cake\Controller\Controller.php(504): ReflectionMethod->invokeArgs(Object(PostsController), Array)
#2 C:\wamp64\www\cake2-php8\lib\Cake\Routing\Dispatcher.php(193): Controller->invokeAction(Object(CakeRequest))
#3 C:\wamp64\www\cake2-php8\lib\Cake\Routing\Dispatcher.php(167): Dispatcher->_invoke(Object(PostsController), Object(CakeRequest))
#4 C:\wamp64\www\cakeblog\webroot\index.php(117): Dispatcher->dispatch(Object(CakeRequest), Object(CakeResponse))
#5 {main}
2024-07-11 18:31:54 Error: [MissingActionException] Action UsersController::myposts() could not be found.
Exception Attributes: array (
  'controller' => 'UsersController',
  'action' => 'myposts',
)
Request URL: /cakeblog/users/myposts
Stack Trace:
#0 C:\wamp64\www\cake2-php8\lib\Cake\Routing\Dispatcher.php(193): Controller->invokeAction(Object(CakeRequest))
#1 C:\wamp64\www\cake2-php8\lib\Cake\Routing\Dispatcher.php(167): Dispatcher->_invoke(Object(UsersController), Object(CakeRequest))
#2 C:\wamp64\www\cakeblog\webroot\index.php(117): Dispatcher->dispatch(Object(CakeRequest), Object(CakeResponse))
#3 {main}
2024-07-11 20:32:40 Error: [MissingControllerException] Controller class CssController could not be found.
Exception Attributes: array (
  'class' => 'CssController',
  'plugin' => NULL,
)
Request URL: /cakeblog/css/jquery.min.css
Stack Trace:
#0 C:\wamp64\www\cakeblog\webroot\index.php(117): Dispatcher->dispatch(Object(CakeRequest), Object(CakeResponse))
#1 {main}
2024-07-11 20:32:40 Error: [MissingControllerException] Controller class JsController could not be found.
Exception Attributes: array (
  'class' => 'JsController',
  'plugin' => NULL,
)
Request URL: /cakeblog/js/jquery.min.js
Stack Trace:
#0 C:\wamp64\www\cakeblog\webroot\index.php(117): Dispatcher->dispatch(Object(CakeRequest), Object(CakeResponse))
#1 {main}
n}
2024-07-11 20:32:40 Error: [MissingControllerException] Controller class CssController could not be found.
Exception Attributes: array (
  'class' => 'CssController',
  'plugin' => NULL,
)
Request URL: /cakeblog/css/bootstrap.min.css
Stack Trace:
#0 C:\wamp64\www\cakeblog\webroot\index.php(117): Dispatcher->dispatch(Object(CakeRequest), Object(CakeResponse))
#1 {main}
2024-07-11 20:32:52 Error: [MissingControllerException] Controller class CssController could not be found.
Exception Attributes: array (
  'class' => 'CssController',
  'plugin' => NULL,
)
Request URL: /cakeblog/css/jquery.min.css
Stack Trace:
#0 C:\wamp64\www\cakeblog\webroot\index.php(117): Dispatcher->dispatch(Object(CakeRequest), Object(CakeResponse))
#1 {main}
2024-07-11 20:32:52 Error: [MissingControllerException] Controller class JsController could not be found.
Exception Attributes: array (
  'class' => 'JsController',
  'plugin' => NULL,
)
Request URL: /cakeblog/js/jquery.min.js
Stack Trace:
#0 C:\wamp64\www\cakeblog\webroot\index.php(117): Dispatcher->dispatch(Object(CakeRequest), Object(CakeResponse))
#1 {main}
2024-07-11 20:32:52 Error: [MissingControllerException] Controller class CssController could not be found.
Exception Attributes: array (
  'class' => 'CssController',
  'plugin' => NULL,
)
Request URL: /cakeblog/css/bootstrap.min.css
Stack Trace:
#0 C:\wamp64\www\cakeblog\webroot\index.php(117): Dispatcher->dispatch(Object(CakeRequest), Object(CakeResponse))
#1 {main}
2024-07-11 20:32:56 Error: [MissingControllerException] Controller class JsController could not be found.
Exception Attributes: array (
  'class' => 'JsController',
  'plugin' => NULL,
)
Request URL: /cakeblog/js/bootstrap.min.js
Stack Trace:
#0 C:\wamp64\www\cakeblog\webroot\index.php(117): Dispatcher->dispatch(Object(CakeRequest), Object(CakeResponse))
#1 {main}
2024-07-11 20:32:56 Error: [MissingControllerException] Controller class JsController could not be found.
Exception Attributes: array (
  'class' => 'JsController',
  'plugin' => NULL,
)
Request URL: /cakeblog/js/jquery.min.js
Stack Trace:
#0 C:\wamp64\www\cakeblog\webroot\index.php(117): Dispatcher->dispatch(Object(CakeRequest), Object(CakeResponse))
#1 {main}
2024-07-11 20:32:56 Error: [MissingControllerException] Controller class CssController could not be found.
Exception Attributes: array (
  'class' => 'CssController',
  'plugin' => NULL,
)
Request URL: /cakeblog/css/jquery.min.css
Stack Trace:
#0 C:\wamp64\www\cakeblog\webroot\index.php(117): Dispatcher->dispatch(Object(CakeRequest), Object(CakeResponse))
#1 {main}
2024-07-11 20:32:57 Error: [MissingControllerException] Controller class CssController could not be found.
Exception Attributes: array (
  'class' => 'CssController',
  'plugin' => NULL,
)
Request URL: /cakeblog/css/bootstrap.min.css
Stack Trace:
#0 C:\wamp64\www\cakeblog\webroot\index.php(117): Dispatcher->dispatch(Object(CakeRequest), Object(CakeResponse))
#1 {main}
2024-07-11 20:33:00 Error: [MissingControllerException] Controller class JsController could not be found.
Exception Attributes: array (
  'class' => 'JsController',
  'plugin' => NULL,
)
Request URL: /cakeblog/js/jquery.min.js
Stack Trace:
#0 C:\wamp64\www\cakeblog\webroot\index.php(117): Dispatcher->dispatch(Object(CakeRequest), Object(CakeResponse))
#1 {main}
2024-07-11 20:33:00 Error: [MissingControllerException] Controller class JsController could not be found.
Exception Attributes: array (
  'class' => 'JsController',
  'plugin' => NULL,
)
Request URL: /cakeblog/js/bootstrap.min.js
Stack Trace:
#0 C:\wamp64\www\cakeblog\webroot\index.php(117): Dispatcher->dispatch(Object(CakeRequest), Object(CakeResponse))
#1 {main}

2024-07-11 20:33:00 Error: [MissingControllerException] Controller class CssController could not be found.
Exception Attributes: array (
  'class' => 'CssController',
  'plugin' => NULL,
)
Request URL: /cakeblog/css/bootstrap.min.css
Stack Trace:
#0 C:\wamp64\www\cakeblog\webroot\index.php(117): Dispatcher->dispatch(Object(CakeRequest), Object(CakeResponse))
#1 {main}
2024-07-11 20:33:03 Error: [MissingControllerException] Controller class JsController could not be found.
Exception Attributes: array (
  'class' => 'JsController',
  'plugin' => NULL,
)
Request URL: /cakeblog/js/jquery.min.js
Stack Trace:
#0 C:\wamp64\www\cakeblog\webroot\index.php(117): Dispatcher->dispatch(Object(CakeRequest), Object(CakeResponse))
#1 {main}
in}
2024-07-11 20:33:03 Error: [MissingControllerException] Controller class JsController could not be found.
Exception Attributes: array (
  'class' => 'JsController',
  'plugin' => NULL,
)
Request URL: /cakeblog/js/bootstrap.min.js
Stack Trace:
#0 C:\wamp64\www\cakeblog\webroot\index.php(117): Dispatcher->dispatch(Object(CakeRequest), Object(CakeResponse))
#1 {main}
2024-07-11 20:33:03 Error: [MissingControllerException] Controller class CssController could not be found.
Exception Attributes: array (
  'class' => 'CssController',
  'plugin' => NULL,
)
Request URL: /cakeblog/css/bootstrap.min.css
Stack Trace:
#0 C:\wamp64\www\cakeblog\webroot\index.php(117): Dispatcher->dispatch(Object(CakeRequest), Object(CakeResponse))
#1 {main}
2024-07-11 20:33:08 Error: [MissingControllerException] Controller class JsController could not be found.
Exception Attributes: array (
  'class' => 'JsController',
  'plugin' => NULL,
)
Request URL: /cakeblog/js/bootstrap.min.js
Stack Trace:
#0 C:\wamp64\www\cakeblog\webroot\index.php(117): Dispatcher->dispatch(Object(CakeRequest), Object(CakeResponse))
#1 {main}
2024-07-11 20:33:08 Error: [MissingControllerException] Controller class CssController could not be found.
Exception Attributes: array (
  'class' => 'CssController',
  'plugin' => NULL,
)
Request URL: /cakeblog/css/jquery.min.css
Stack Trace:
#0 C:\wamp64\www\cakeblog\webroot\index.php(117): Dispatcher->dispatch(Object(CakeRequest), Object(CakeResponse))
#1 {main}
2024-07-11 20:33:08 Error: [MissingControllerException] Controller class JsController could not be found.
Exception Attributes: array (
  'class' => 'JsController',
  'plugin' => NULL,
)
Request URL: /cakeblog/js/jquery.min.js
Stack Trace:
#0 C:\wamp64\www\cakeblog\webroot\index.php(117): Dispatcher->dispatch(Object(CakeRequest), Object(CakeResponse))
#1 {main}
2024-07-11 20:33:09 Error: [MissingControllerException] Controller class CssController could not be found.
Exception Attributes: array (
  'class' => 'CssController',
  'plugin' => NULL,
)
Request URL: /cakeblog/css/bootstrap.min.css
Stack Trace:
#0 C:\wamp64\www\cakeblog\webroot\index.php(117): Dispatcher->dispatch(Object(CakeRequest), Object(CakeResponse))
#1 {main}
2024-07-11 20:36:02 Error: [MissingControllerException] Controller class CssController could not be found.
Exception Attributes: array (
  'class' => 'CssController',
  'plugin' => NULL,
)
Request URL: /cakeblog/css/jquery.min.css
Stack Trace:
#0 C:\wamp64\www\cakeblog\webroot\index.php(117): Dispatcher->dispatch(Object(CakeRequest), Object(CakeResponse))
#1 {main}
2024-07-11 20:36:02 Error: [MissingControllerException] Controller class JsController could not be found.
Exception Attributes: array (
  'class' => 'JsController',
  'plugin' => NULL,
)
Request URL: /cakeblog/js/jquery.min.js
Stack Trace:
#0 C:\wamp64\www\cakeblog\webroot\index.php(117): Dispatcher->dispatch(Object(CakeRequest), Object(CakeResponse))
#1 {main}
n}
2024-07-11 20:36:03 Error: [MissingControllerException] Controller class CssController could not be found.
Exception Attributes: array (
  'class' => 'CssController',
  'plugin' => NULL,
)
Request URL: /cakeblog/css/bootstrap.min.css
Stack Trace:
#0 C:\wamp64\www\cakeblog\webroot\index.php(117): Dispatcher->dispatch(Object(CakeRequest), Object(CakeResponse))
#1 {main}
2024-07-11 20:56:03 Error: [MissingControllerException] Controller class JsController could not be found.
Exception Attributes: array (
  'class' => 'JsController',
  'plugin' => NULL,
)
Request URL: /cakeblog/js/jquery.min.js
Stack Trace:
#0 C:\wamp64\www\cakeblog\webroot\index.php(117): Dispatcher->dispatch(Object(CakeRequest), Object(CakeResponse))
#1 {main}
2024-07-11 20:56:29 Error: [MissingControllerException] Controller class JsController could not be found.
Exception Attributes: array (
  'class' => 'JsController',
  'plugin' => NULL,
)
Request URL: /cakeblog/js/jquery.min.js
Stack Trace:
#0 C:\wamp64\www\cakeblog\webroot\index.php(117): Dispatcher->dispatch(Object(CakeRequest), Object(CakeResponse))
#1 {main}
2024-07-11 20:56:34 Error: [MissingControllerException] Controller class JsController could not be found.
Exception Attributes: array (
  'class' => 'JsController',
  'plugin' => NULL,
)
Request URL: /cakeblog/js/jquery.min.js
Stack Trace:
#0 C:\wamp64\www\cakeblog\webroot\index.php(117): Dispatcher->dispatch(Object(CakeRequest), Object(CakeResponse))
#1 {main}
2024-07-11 20:56:56 Error: [MissingControllerException] Controller class JsController could not be found.
Exception Attributes: array (
  'class' => 'JsController',
  'plugin' => NULL,
)
Request URL: /cakeblog/js/jquery.min.js
Stack Trace:
#0 C:\wamp64\www\cakeblog\webroot\index.php(117): Dispatcher->dispatch(Object(CakeRequest), Object(CakeResponse))
#1 {main}
2024-07-11 20:57:25 Error: [MissingControllerException] Controller class JsController could not be found.
Exception Attributes: array (
  'class' => 'JsController',
  'plugin' => NULL,
)
Request URL: /cakeblog/js/jquery.min.js
Stack Trace:
#0 C:\wamp64\www\cakeblog\webroot\index.php(117): Dispatcher->dispatch(Object(CakeRequest), Object(CakeResponse))
#1 {main}
2024-07-11 20:57:48 Error: [MissingControllerException] Controller class CssController could not be found.
Exception Attributes: array (
  'class' => 'CssController',
  'plugin' => NULL,
)
Request URL: /cakeblog/css/jquery.min.css
Stack Trace:
#0 C:\wamp64\www\cakeblog\webroot\index.php(117): Dispatcher->dispatch(Object(CakeRequest), Object(CakeResponse))
#1 {main}
2024-07-11 20:57:48 Error: [MissingControllerException] Controller class JsController could not be found.
Exception Attributes: array (
  'class' => 'JsController',
  'plugin' => NULL,
)
Request URL: /cakeblog/js/jquery.min.js
Stack Trace:
#0 C:\wamp64\www\cakeblog\webroot\index.php(117): Dispatcher->dispatch(Object(CakeRequest), Object(CakeResponse))
#1 {main}
n}
2024-07-11 20:57:49 Error: [MissingControllerException] Controller class CssController could not be found.
Exception Attributes: array (
  'class' => 'CssController',
  'plugin' => NULL,
)
Request URL: /cakeblog/css/bootstrap.min.css
Stack Trace:
#0 C:\wamp64\www\cakeblog\webroot\index.php(117): Dispatcher->dispatch(Object(CakeRequest), Object(CakeResponse))
#1 {main}
2024-07-11 20:58:19 Error: [MissingControllerException] Controller class JsController could not be found.
Exception Attributes: array (
  'class' => 'JsController',
  'plugin' => NULL,
)
Request URL: /cakeblog/js/jquery.min.js
Stack Trace:
#0 C:\wamp64\www\cakeblog\webroot\index.php(117): Dispatcher->dispatch(Object(CakeRequest), Object(CakeResponse))
#1 {main}
2024-07-11 20:58:21 Error: [MissingControllerException] Controller class JsController could not be found.
Exception Attributes: array (
  'class' => 'JsController',
  'plugin' => NULL,
)
Request URL: /cakeblog/js/jquery.min.js
Stack Trace:
#0 C:\wamp64\www\cakeblog\webroot\index.php(117): Dispatcher->dispatch(Object(CakeRequest), Object(CakeResponse))
#1 {main}
2024-07-11 20:58:27 Error: [MissingControllerException] Controller class CssController could not be found.
Exception Attributes: array (
  'class' => 'CssController',
  'plugin' => NULL,
)
Request URL: /cakeblog/css/jquery.min.css
Stack Trace:
#0 C:\wamp64\www\cakeblog\webroot\index.php(117): Dispatcher->dispatch(Object(CakeRequest), Object(CakeResponse))
#1 {main}
2024-07-11 20:58:28 Error: [MissingControllerException] Controller class CssController could not be found.
Exception Attributes: array (
  'class' => 'CssController',
  'plugin' => NULL,
)
Request URL: /cakeblog/css/bootstrap.min.css
Stack Trace:
#0 C:\wamp64\www\cakeblog\webroot\index.php(117): Dispatcher->dispatch(Object(CakeRequest), Object(CakeResponse))
#1 {main}
